<?xml version="1.0" encoding="UTF-8"?>
<testng-results skipped="0" failed="0" ignored="0" total="1" passed="1">
  <reporter-output>
  </reporter-output>
  <suite name="Default suite" duration-ms="18459" started-at="2021-02-06T20:39:12 UYT" finished-at="2021-02-06T20:39:31 UYT">
    <groups>
    </groups>
    <test name="Default test" duration-ms="18459" started-at="2021-02-06T20:39:12 UYT" finished-at="2021-02-06T20:39:31 UYT">
      <class name="tests2.Screenshot">
        <test-method status="PASS" signature="Start()[pri:0, instance:tests2.Screenshot@614ddd49]" name="Start" is-config="true" duration-ms="14" started-at="2021-02-06T20:39:12 UYT" finished-at="2021-02-06T20:39:12 UYT">
          <reporter-output>
          </reporter-output>
        </test-method> <!-- Start -->
        <test-method status="PASS" signature="screenshotExample()[pri:0, instance:tests2.Screenshot@614ddd49]" name="screenshotExample" duration-ms="18398" started-at="2021-02-06T20:39:12 UYT" finished-at="2021-02-06T20:39:31 UYT">
          <reporter-output>
          </reporter-output>
        </test-method> <!-- screenshotExample -->
      </class> <!-- tests2.Screenshot -->
    </test> <!-- Default test -->
  </suite> <!-- Default suite -->
</testng-results>
